5x79A 0.83 0.39
13gsA 0.74 0.55
3dgqA 0.86 0.61
3pgtA 0.76 0.24
5l6xB 0.81 0.33
6gssB 0.87 0.34
12gsB 0.83 0.18
17gsA 0.68 0.47
5j41A 0.67 0.55
20gsB 0.82 0.46
10gsA 0.58 0.39
19gsA 0.56 0.38
9gssB 0.67 0.57
3cshA 0.87 0.37
3gusA 0.80 0.63
5jcwA 0.83 0.38
2pgtA 0.84 0.58
1aqxC 0.56 0.85
3csjB 0.79 0.39
3kmoB 0.93 0.59
1gtiC 0.81 0.49
1c72B 0.86 0.56
4gstA 0.70 0.59
1b4pA 0.82 0.51
2gsrB 0.84 0.64
1gsuB 0.76 0.75
5h5lA 0.81 0.97
6gsyB 0.72 0.80
3gstB 0.72 0.49
4q5fA 0.73 0.97
1tu8C 0.74 0.54
3vurA 0.90 0.90
3vpqA 0.89 0.92
3vptA 0.86 0.92
3kxoA 0.78 0.85
1zl9A 0.76 0.96
4l5lB 0.54 0.68
2c4jC 0.57 0.47
2on5B 0.79 0.97
4ec0B 0.69 0.73
2vd0B 0.81 0.80
2vd1B 0.73 0.75
2vczB 0.70 0.61
1xwkB 0.67 0.61
2vcwB 0.74 0.74
5hwlA 0.76 0.62
1xw6A 0.59 0.59
1gneA 0.79 0.76
3gurC 0.75 0.72
5aivA 0.68 0.67
5aixC 0.61 0.70
1ykcA 0.67 0.75
1gtbA 0.56 0.70
5d73A 0.53 0.38
5an1F 0.59 0.54
1u88A 0.89 0.95
1m9bA 0.76 0.92
5aisA 0.72 0.73
2vcqA 0.74 0.68
4zbbC 0.61 0.97
4q5rD 0.69 0.86
4q5rA 0.91 0.89
4zbbB 0.46 0.96
4q5rB 0.90 0.79
4q5nB 0.72 0.91
4zbaA 0.40 0.95
4zbdB 0.53 0.97
4f0cA 0.42 0.98
1fheA 0.82 0.98
4zbaD 0.52 0.92
4zbbD 0.48 0.92
2aawB 0.50 0.80
4zbdA 0.55 0.97
1k0dB 0.70 0.82
4zb8A 0.44 0.93
3ik7A 0.72 0.88
1k0cB 0.72 0.76
4zb6A 0.64 0.92
2imiB 0.74 0.81
1f3aA 0.78 0.88
1u88B 0.76 0.79
2c80B 0.68 0.74
1guhA 0.59 0.81
4ecjA 0.67 0.88
5gzzB 0.75 0.89
4gf0A 0.45 0.84
3ik9A 0.48 0.74
4pngB 0.65 0.75
1k3yA 0.67 0.76
1ev9C 0.78 0.75
4ielB 0.93 0.93
1gulE 0.79 0.87
3i69C 0.45 0.79
4kdxA 0.88 0.67
4ri6B 0.60 0.96
5jcuB 0.69 0.74
2caqA 0.59 0.76
1pkwB 0.72 0.78
5f05C 0.73 0.92
5hfkA 0.67 0.86
2wduA 0.71 0.89
5f05D 0.46 0.90
5o00A 0.27 0.93
2vctC 0.81 0.84
5ft3B 0.79 0.87
1pl1B 0.53 0.73
2wb9B 0.75 0.84
2wb9A 0.77 0.84
5hfkB 0.66 0.82
2hnlA 0.74 0.80
2imkB 0.89 0.88
1ml6A 0.83 0.68
3zmkB 0.77 0.86
4e8hB 0.72 0.78
2caiB 0.59 0.82
2jl4B 0.65 0.81
2caiA 0.68 0.83
4kh7B 0.55 0.93
2ntoA 0.66 0.59
1yy7B 0.70 0.78
3vwxD 0.88 0.92
2imkA 0.62 0.77
1f2eD 0.61 0.77
3frcA 0.55 0.83
1vf1A 0.77 0.62
4ivfE 0.71 0.71
1gseB 0.55 0.68
1b48A 0.67 0.57
4ivfF 0.59 0.78
1axdB 0.88 0.73
1yy7A 0.77 0.75
5f05B 0.69 0.83
4jedA 0.86 0.69
4hj2B 0.69 0.63
1vf2B 0.65 0.58
2v6kB 0.71 0.85
4ivfB 0.56 0.68
4px1A 0.74 0.72
3fr9A 0.71 0.48
4gsnD 0.81 0.89
4gciB 0.83 0.84
4gsnA 0.71 0.85
4ec0A 0.80 0.74
4pxoB 0.57 0.72
5a4wE 0.54 0.72
4qq7B 0.67 0.73
1pn9A 0.85 0.89
4gsnC 0.72 0.85
4pnfB 0.79 0.87
5kejA 0.80 0.72
4qq7A 0.70 0.55
5kejB 0.81 0.77
4ielA 0.64 0.83
3ee2A 0.66 0.71
4iw9A 0.54 0.63
1fw1A 0.81 0.67
3ublA 0.90 0.59
5g5aC 0.81 0.76
4edzB 0.80 0.63
4nhzD 0.73 0.88
3vi5C 0.78 0.54
3vlnA 0.51 0.75
4zxgA 0.76 0.60
5a4wC 0.51 0.62
3gx0A 0.72 0.55
3fr3A 0.80 0.67
5a4vD 0.53 0.67
3makA 0.77 0.86
2x64C 0.71 0.44
4l8eA 0.62 0.57
4hz2B 0.68 0.76
4is0A 0.70 0.75
5a4wD 0.50 0.55
3vi7B 0.84 0.56
3wywB 0.83 0.82
4hz2A 0.83 0.68
2cvdA 0.83 0.52
4gltA 0.77 0.73
1jlvF 0.93 0.85
3gh6A 0.76 0.86
5a4uD 0.72 0.51
4hi7A 0.79 0.91
4nhzL 0.85 0.72
1bx9A 0.79 0.50
3qagA 0.80 0.81
5a5kV 0.72 0.59
5g5eA 0.71 0.48
1v40B 0.63 0.57
4xt0A 0.75 0.47
3f63B 0.75 0.87
4nhzH 0.64 0.67
5a4uB 0.61 0.43
1gwcC 0.75 0.51
1k0aA 0.73 0.91
3uarA 0.76 0.49
3q18A 0.51 0.54
1gnwB 0.80 0.56
4mf5A 0.96 0.86
5agyA 0.87 0.61
4kgiC 0.50 0.79
5v3qA 0.74 0.64
2c3qC 0.74 0.60
2dsaD 0.78 0.81
2vcxC 0.60 0.41
4kdyB 0.71 0.35
3lflA 0.72 0.82
4mf6A 0.87 0.75
4yqvC 0.57 0.54
5a4uF 0.71 0.57
4topB 0.82 0.59
1a0fB 0.56 0.64
4yqmB 0.60 0.48
3f6dA 0.70 0.63
4yquB 0.69 0.42
5a4wF 0.74 0.46
1jzrC 0.39 0.75
5uehA 0.62 0.59
4naxA 0.83 0.74
3wd6A 0.62 0.48
4puaA 0.65 0.59
1v2aB 0.73 0.83
2gdrB 0.74 0.81
4hojA 0.61 0.43
2pmtC 0.65 0.53
3ljrB 0.61 0.64
4kaeB 0.67 0.37
1oyjC 0.78 0.24
4nhwD 0.66 0.49
4mk3A 0.51 0.73
4mpgB 0.68 0.70
4f0bA 0.58 0.79
4mpfA 0.65 0.70
2vczC 0.57 0.41
3pr8C 0.53 0.32
4q5rF 0.69 0.41
3touA 0.64 0.37
5g5fA 0.67 0.71
4mzwA 0.57 0.43
2gdrA 0.86 0.88
1r5aA 0.68 0.53
5f8bA 0.69 0.65
3ibhA 0.68 0.43
3c8eA 0.65 0.62
3ergB 0.76 0.42
5fhiA 0.65 0.57
3m3mA 0.70 0.38
1byeC 0.75 0.39
3pr8B 0.62 0.36
5j5nA 0.75 0.39
5uunB 0.66 0.58
5echF 0.75 0.34
3lszA 0.66 0.49
4jbbA 0.66 0.50
1byeD 0.61 0.33
5u56A 0.69 0.16
3n5oA 0.80 0.13
1oyjA 0.75 0.34
5u51D 0.73 0.26
4kdyA 0.79 0.31
3r2qA 0.86 0.24
5u51B 0.74 0.24
4pqhA 0.64 0.54
5u51A 0.82 0.18
5u56B 0.76 0.28
5myeA 0.32 0.33
3g7iA 0.73 0.33
5u56D 0.71 0.22
4agsB 0.50 0.48
4isdA 0.61 0.55
4k0nA 0.57 0.36
5n9uA 0.43 0.12
4kf9A 0.52 0.52
4bvxA 0.76 0.21
2r4vA 0.60 0.57
4purA 0.68 0.39
4isdD 0.49 0.58
4lmvF 0.60 0.54
4ijiA 0.54 0.49
4kx4A 0.61 0.55
5lolA 0.56 0.32
4purB 0.67 0.39
5d9wA 0.54 0.16
2perA 0.50 0.30
4g19D 0.51 0.32
4g0lA 0.72 0.30
5lkdA 0.70 0.68
4ksmA 0.60 0.24
4ibpA 0.55 0.10
5d9xA 0.62 0.27
4g0kB 0.60 0.43
4g0kA 0.65 0.38
3ppuA 0.53 0.42
4ijiF 0.57 0.23
4yavA 0.47 0.36
2pbjA 0.55 0.51
4bvxB 0.45 0.23
1z9hB 0.52 0.53
3unvA 0.16 0.59
1oa0A 0.13 0.57
3unvB 0.12 0.55
1e9vA 0.07 0.56
3lliA 0.17 0.38
4yrkA 0.17 0.59
5h29A 0.09 0.56
1t10A 0.05 0.64
4ov9A 0.01 0.45
1ak0A 0.05 0.53
3sngA 0.12 0.57
